etc/images/icons/elefant.gif
etc/images/icons/holzfaellerhuette.gif
etc/images/icons/items/eisenschild.gif
etc/images/icons/items/elefant.gif
etc/images/icons/items/elefanten.gif
etc/images/icons/items/gold.gif
etc/images/icons/items/greif.gif
etc/images/icons/items/greife.gif
etc/images/icons/items/greifeneier.gif
etc/images/icons/items/greifenei.gif
etc/images/icons/items/greifenfeder.gif
etc/images/icons/items/kamel.gif
etc/images/icons/items/kamele.gif
etc/images/icons/items/koboldohr.gif
etc/images/icons/items/kraeuteralmanach.gif
etc/images/icons/items/kriegshammer.gif
etc/images/icons/items/pelz.gif
etc/images/icons/items/reisszahn.gif
etc/images/icons/items/schriftrolle.gif
etc/images/icons/items/streitaxt.gif
etc/images/icons/items/totenschaedel.gif
etc/images/icons/items/wolfsfell.gif
etc/images/icons/items/zauberbuch.gif
etc/images/icons/juwelierskunst.gif
etc/images/icons/kamel.gif
etc/images/icons/katapultschiessen.gif
etc/images/icons/mine.gif
etc/images/icons/sattlerei.gif
etc/images/icons/schiffswerft.gif
etc/images/icons/see.gif
etc/images/icons/see-detail.gif
etc/images/map/see.gif
etc/images/map/see-alpha.gif
etc/rules/lemuria.cr
